Created the tree successfully using csl-jmeter-test-plan.jmx
Starting the test @ Tue Nov 05 12:33:48 GMT 2019 (1572957228623)
Waiting for possible Shutdown/StopTestNow/HeapDump/ThreadDump message on port 4445
Tidying up ...    @ Tue Nov 05 12:35:20 GMT 2019 (1572957320898)
... end of run
sion=1.8.0_231
2019-11-05 12:33:48,235 INFO o.a.j.JMeter: java.vm.name=Java HotSpot(TM) 64-Bit Server VM
2019-11-05 12:33:48,235 INFO o.a.j.JMeter: os.name=Mac OS X
2019-11-05 12:33:48,236 INFO o.a.j.JMeter: os.arch=x86_64
2019-11-05 12:33:48,236 INFO o.a.j.JMeter: os.version=10.15
2019-11-05 12:33:48,236 INFO o.a.j.JMeter: file.encoding=UTF-8
2019-11-05 12:33:48,236 INFO o.a.j.JMeter: java.awt.headless=true
2019-11-05 12:33:48,236 INFO o.a.j.JMeter: Max memory     =1073741824
2019-11-05 12:33:48,236 INFO o.a.j.JMeter: Available Processors =4
2019-11-05 12:33:48,240 INFO o.a.j.JMeter: Default Locale=English (EN)
2019-11-05 12:33:48,240 INFO o.a.j.JMeter: JMeter  Locale=English (EN)
2019-11-05 12:33:48,240 INFO o.a.j.JMeter: JMeterHome=/opt/jmeter-5.1.1
2019-11-05 12:33:48,241 INFO o.a.j.JMeter: user.dir  =/Users/rumi@kainos.com/_dev/_projects/share/azure-jmeter-tests-csl
2019-11-05 12:33:48,241 INFO o.a.j.JMeter: PWD       =/Users/rumi@kainos.com/_dev/_projects/share/azure-jmeter-tests-csl
2019-11-05 12:33:48,271 INFO o.a.j.JMeter: IP: 10.60.20.95 Name: Praetorian.local FullName: 10.60.20.95
2019-11-05 12:33:48,275 INFO o.a.j.s.FileServer: Default base='/Users/rumi@kainos.com/_dev/_projects/share/azure-jmeter-tests-csl'
2019-11-05 12:33:48,281 INFO o.a.j.s.FileServer: Set new base='/Users/rumi@kainos.com/_dev/_projects/share/azure-jmeter-tests-csl'
2019-11-05 12:33:48,413 INFO o.a.j.s.SaveService: Testplan (JMX) version: 2.2. Testlog (JTL) version: 2.2
2019-11-05 12:33:48,427 INFO o.a.j.s.SaveService: Using SaveService properties file encoding UTF-8
2019-11-05 12:33:48,430 INFO o.a.j.s.SaveService: Using SaveService properties version 5.0
2019-11-05 12:33:48,436 INFO o.a.j.s.SaveService: Loading file: csl-jmeter-test-plan.jmx
2019-11-05 12:33:48,478 INFO o.a.j.p.h.c.CookieManager: Settings: Delete null: true Check: true Allow variable: true Save: false Prefix: COOKIE_
2019-11-05 12:33:48,481 INFO o.a.j.p.h.c.CacheManager: Will only cache the following methods: [GET]
2019-11-05 12:33:48,625 INFO o.a.j.e.StandardJMeterEngine: Running the test!
2019-11-05 12:33:48,625 INFO o.a.j.s.SampleEvent: List of sample_variables: []
2019-11-05 12:33:48,626 INFO o.a.j.s.SampleEvent: List of sample_variables: []
2019-11-05 12:33:49,345 INFO o.a.j.JMeter: Running test (1572957229344)
2019-11-05 12:33:49,384 INFO o.a.j.e.StandardJMeterEngine: Starting ThreadGroup: 1 : tg_DoACourse
2019-11-05 12:33:49,385 INFO o.a.j.e.StandardJMeterEngine: Starting 3 threads for group tg_DoACourse.
2019-11-05 12:33:49,385 INFO o.a.j.e.StandardJMeterEngine: Thread will continue on error
2019-11-05 12:33:49,385 INFO o.a.j.t.ThreadGroup: Starting thread group... number=1 threads=3 ramp-up=1 delayedStart=false
2019-11-05 12:33:49,398 INFO o.a.j.s.SampleResult: Note: Sample TimeStamps are END times
2019-11-05 12:33:49,398 INFO o.a.j.s.SampleResult: sampleresult.default.encoding is set to ISO-8859-1
2019-11-05 12:33:49,398 INFO o.a.j.s.SampleResult: sampleresult.useNanoTime=true
2019-11-05 12:33:49,399 INFO o.a.j.s.SampleResult: sampleresult.nanoThreadSleep=5000
2019-11-05 12:33:49,403 INFO o.a.j.t.JMeterThread: Thread started: tg_DoACourse 1-1
2019-11-05 12:33:49,404 INFO o.a.j.s.FileServer: Stored: data/search-keywords.csv
2019-11-05 12:33:49,405 INFO o.a.j.s.FileServer: Stored: data/users.csv
2019-11-05 12:33:49,414 INFO o.a.j.p.h.s.HTTPHCAbstractImpl: Local host = Praetorian.local
2019-11-05 12:33:49,417 INFO o.a.j.p.h.s.HTTPHC4Impl: HTTP request retry count = 0
2019-11-05 12:33:49,457 INFO o.a.j.t.ThreadGroup: Started thread group number 1
2019-11-05 12:33:49,458 INFO o.a.j.e.StandardJMeterEngine: All thread groups have been started
2019-11-05 12:33:49,569 INFO o.a.j.p.h.s.h.LazyLayeredConnectionSocketFactory: Setting up HTTPS TrustAll Socket Factory
2019-11-05 12:33:49,575 INFO o.a.j.u.JsseSSLManager: Using default SSL protocol: TLS
2019-11-05 12:33:49,575 INFO o.a.j.u.JsseSSLManager: SSL session context: per-thread
2019-11-05 12:33:49,737 INFO o.a.j.t.JMeterThread: Thread started: tg_DoACourse 1-2
2019-11-05 12:33:49,748 INFO o.a.j.u.SSLManager: JmeterKeyStore Location:  type JKS
2019-11-05 12:33:49,748 INFO o.a.j.u.SSLManager: KeyStore created OK
2019-11-05 12:33:49,749 WARN o.a.j.u.SSLManager: Keystore file not found, loading empty keystore
2019-11-05 12:33:50,092 INFO o.a.j.u.BeanShellTestElement: 2019-11-05 12:33:50.088, journey: tg_DoACourse, step: req_login, Thread: 2, startedAt: 0, endedAt: 0, status: 200
2019-11-05 12:33:50,092 INFO o.a.j.u.BeanShellTestElement: 2019-11-05 12:33:50.088, journey: tg_DoACourse, step: req_login, Thread: 1, startedAt: 0, endedAt: 0, status: 200
2019-11-05 12:33:50,100 INFO o.a.j.t.JMeterThread: Thread started: tg_DoACourse 1-3
2019-11-05 12:33:50,308 INFO o.a.j.u.BeanShellTestElement: 2019-11-05 12:33:50.306, journey: tg_DoACourse, step: req_login, Thread: 3, startedAt: 0, endedAt: 0, status: 200
2019-11-05 12:33:58,006 INFO o.a.j.u.BeanShellTestElement: 2019-11-05 12:33:58.004, journey: tg_DoACourse, step: req_authenticate, Thread: 3, startedAt: 0, endedAt: 0, status: 200
2019-11-05 12:33:58,230 INFO o.a.j.u.BeanShellTestElement: 2019-11-05 12:33:58.228, journey: tg_DoACourse, step: req_authenticate, Thread: 2, startedAt: 0, endedAt: 0, status: 200
2019-11-05 12:33:59,349 INFO o.a.j.u.BeanShellTestElement: 2019-11-05 12:33:59.347, journey: tg_DoACourse, step: req_authenticate, Thread: 1, startedAt: 0, endedAt: 0, status: 200
2019-11-05 12:34:16,839 INFO o.a.j.u.BeanShellTestElement: 2019-11-05 12:34:16.838, journey: tg_DoACourse, step: req_suggestions, Thread: 3, startedAt: 0, endedAt: 0, status: 200
2019-11-05 12:34:18,479 INFO o.a.j.u.BeanShellTestElement: 2019-11-05 12:34:18.477, journey: tg_DoACourse, step: req_suggestions, Thread: 1, startedAt: 0, endedAt: 0, status: 200
2019-11-05 12:34:25,397 INFO o.a.j.u.BeanShellTestElement: 2019-11-05 12:34:25.395, journey: tg_DoACourse, step: req_suggestions, Thread: 2, startedAt: 0, endedAt: 0, status: 200
2019-11-05 12:34:28,259 INFO o.a.j.u.BeanShellTestElement: 2019-11-05 12:34:28.258, journey: tg_DoACourse, step: req_search-course, Thread: 1, startedAt: 0, endedAt: 0, status: Non HTTP response code: java.net.URISyntaxException
2019-11-05 12:34:38,136 INFO o.a.j.u.BeanShellTestElement: 2019-11-05 12:34:38.135, journey: tg_DoACourse, step: req_view-modules, Thread: 1, startedAt: 0, endedAt: 0, status: Non HTTP response code: java.net.URISyntaxException
2019-11-05 12:34:40,494 INFO o.a.j.u.BeanShellTestElement: 2019-11-05 12:34:40.493, journey: tg_DoACourse, step: req_search-course, Thread: 3, startedAt: 0, endedAt: 0, status: Non HTTP response code: java.net.URISyntaxException
2019-11-05 12:34:44,479 INFO o.a.j.u.BeanShellTestElement: 2019-11-05 12:34:44.478, journey: tg_DoACourse, step: req_search-course, Thread: 2, startedAt: 0, endedAt: 0, status: Non HTTP response code: java.net.URISyntaxException
2019-11-05 12:34:55,355 INFO o.a.j.u.BeanShellTestElement: 2019-11-05 12:34:55.354, journey: tg_DoACourse, step: req_view-modules, Thread: 2, startedAt: 0, endedAt: 0, status: Non HTTP response code: java.net.URISyntaxException
2019-11-05 12:34:57,795 INFO o.a.j.u.BeanShellTestElement: 2019-11-05 12:34:57.794, journey: tg_DoACourse, step: req_do-course, Thread: 1, startedAt: 0, endedAt: 0, status: Non HTTP response code: java.net.URISyntaxException
2019-11-05 12:34:58,139 INFO o.a.j.u.BeanShellTestElement: 2019-11-05 12:34:58.138, journey: tg_DoACourse, step: req_view-modules, Thread: 3, startedAt: 0, endedAt: 0, status: Non HTTP response code: java.net.URISyntaxException
2019-11-05 12:35:00,079 INFO o.a.j.u.BeanShellTestElement: 2019-11-05 12:35:00.078, journey: tg_DoACourse, step: req_signout, Thread: 1, startedAt: 0, endedAt: 0, status: 200
2019-11-05 12:35:00,080 INFO o.a.j.t.JMeterThread: Thread is done: tg_DoACourse 1-1
2019-11-05 12:35:00,080 INFO o.a.j.t.JMeterThread: Thread finished: tg_DoACourse 1-1
2019-11-05 12:35:15,794 INFO o.a.j.u.BeanShellTestElement: 2019-11-05 12:35:15.793, journey: tg_DoACourse, step: req_do-course, Thread: 3, startedAt: 0, endedAt: 0, status: Non HTTP response code: java.net.URISyntaxException
2019-11-05 12:35:17,045 INFO o.a.j.u.BeanShellTestElement: 2019-11-05 12:35:17.044, journey: tg_DoACourse, step: req_signout, Thread: 3, startedAt: 0, endedAt: 0, status: 200
2019-11-05 12:35:17,046 INFO o.a.j.t.JMeterThread: Thread is done: tg_DoACourse 1-3
2019-11-05 12:35:17,046 INFO o.a.j.t.JMeterThread: Thread finished: tg_DoACourse 1-3
2019-11-05 12:35:17,125 INFO o.a.j.u.BeanShellTestElement: 2019-11-05 12:35:17.125, journey: tg_DoACourse, step: req_do-course, Thread: 2, startedAt: 0, endedAt: 0, status: Non HTTP response code: java.net.URISyntaxException
2019-11-05 12:35:20,895 INFO o.a.j.u.BeanShellTestElement: 2019-11-05 12:35:20.893, journey: tg_DoACourse, step: req_signout, Thread: 2, startedAt: 0, endedAt: 0, status: 200
2019-11-05 12:35:20,895 INFO o.a.j.t.JMeterThread: Thread is done: tg_DoACourse 1-2
2019-11-05 12:35:20,895 INFO o.a.j.t.JMeterThread: Thread finished: tg_DoACourse 1-2
2019-11-05 12:35:20,897 INFO o.a.j.e.StandardJMeterEngine: Notifying test listeners of end of test
2019-11-05 12:35:20,898 INFO o.a.j.s.FileServer: Close: data/search-keywords.csv
2019-11-05 12:35:20,898 INFO o.a.j.s.FileServer: Close: data/users.csv
